<?xml version="1.0" encoding="UTF-8"?>
<!-- Generated by org.testng.reporters.JUnitReportReporter -->
<testsuite hostname="pranav-pc" failures="0" tests="2" name="com.Testng.Parametrization" time="0.109" errors="0" timestamp="18 Aug 2019 11:48:48 GMT" skipped="0">
  <testcase classname="com.Testng.Parametrization" name="data" time="0.003"/>
  <testcase classname="com.Testng.Parametrization" name="data" time="0.106"/>
</testsuite> <!-- com.Testng.Parametrization -->
